<?xml version="1.0" encoding="UTF-8"?>
<Site BuildName="Linux-g++-9"
	BuildStamp="20210805-2111-Experimental"
	Name="laptop"
	Generator="ctest-3.16.3"
	CompilerName="/usr/bin/g++-9"
	CompilerVersion="9.3.0"
	OSName="Linux"
	Hostname="laptop"
	OSRelease="5.4.0-80-generic"
	OSVersion="#90-Ubuntu SMP Fri Jul 9 22:49:44 UTC 2021"
	OSPlatform="x86_64"
	Is64Bits="1"
	VendorString="GenuineIntel"
	VendorID="Intel Corporation"
	FamilyID="6"
	ModelID="158"
	ProcessorCacheSize="6144"
	NumberOfLogicalCPU="8"
	NumberOfPhysicalCPU="4"
	TotalVirtualMemory="2047"
	TotalPhysicalMemory="15893"
	LogicalProcessorsPerPhysical="2"
	ProcessorClockFrequency="3502.02"
	>
	<Testing>
		<StartDateTime>Aug 06 00:11 +03</StartDateTime>
		<StartTestTime>1628197894</StartTestTime>
		<TestList/>
		<EndDateTime>Aug 06 00:11 +03</EndDateTime>
		<EndTestTime>1628197894</EndTestTime>
		<ElapsedMinutes>0</ElapsedMinutes>
	</Testing>
</Site>
